  Lab0.cpp
H:\2022CG_Lab1_111522152\Lab0\Lab0.cpp(180,35): warning C4018: '<': signed/unsigned 不相符
H:\2022CG_Lab1_111522152\Lab0\Lab0.cpp(181,39): warning C4018: '<': signed/unsigned 不相符
H:\2022CG_Lab1_111522152\Lab0\Lab0.cpp(198,35): warning C4018: '<': signed/unsigned 不相符
H:\2022CG_Lab1_111522152\Lab0\Lab0.cpp(199,39): warning C4018: '<': signed/unsigned 不相符
H:\2022CG_Lab1_111522152\Lab0\Lab0.cpp(210,27): warning C4244: '正在初始化': 將 'double' 轉換為 'float'，由於類型不同，可能導致資料遺失
H:\2022CG_Lab1_111522152\Lab0\Lab0.cpp(210,74): warning C4244: '正在初始化': 將 'double' 轉換為 'float'，由於類型不同，可能導致資料遺失
H:\2022CG_Lab1_111522152\Lab0\Lab0.cpp(214,31): warning C4244: '=': 將 'double' 轉換為 'float'，由於類型不同，可能導致資料遺失
H:\2022CG_Lab1_111522152\Lab0\Lab0.cpp(214,78): warning C4244: '=': 將 'double' 轉換為 'float'，由於類型不同，可能導致資料遺失
H:\2022CG_Lab1_111522152\Lab0\Lab0.cpp(218,31): warning C4244: '=': 將 'double' 轉換為 'float'，由於類型不同，可能導致資料遺失
H:\2022CG_Lab1_111522152\Lab0\Lab0.cpp(218,78): warning C4244: '=': 將 'double' 轉換為 'float'，由於類型不同，可能導致資料遺失
H:\2022CG_Lab1_111522152\Lab0\Lab0.cpp(221,35): warning C4018: '<': signed/unsigned 不相符
H:\2022CG_Lab1_111522152\Lab0\Lab0.cpp(222,39): warning C4018: '<': signed/unsigned 不相符
H:\2022CG_Lab1_111522152\Lab0\Lab0.cpp(224,43): warning C4018: '<': signed/unsigned 不相符
H:\2022CG_Lab1_111522152\Lab0\Lab0.cpp(231,35): warning C4018: '<': signed/unsigned 不相符
H:\2022CG_Lab1_111522152\Lab0\Lab0.cpp(232,39): warning C4018: '<': signed/unsigned 不相符
H:\2022CG_Lab1_111522152\Lab0\Lab0.cpp(234,43): warning C4018: '<': signed/unsigned 不相符
H:\2022CG_Lab1_111522152\Lab0\Lab0.cpp(241,35): warning C4018: '<': signed/unsigned 不相符
H:\2022CG_Lab1_111522152\Lab0\Lab0.cpp(242,39): warning C4018: '<': signed/unsigned 不相符
H:\2022CG_Lab1_111522152\Lab0\Lab0.cpp(244,43): warning C4018: '<': signed/unsigned 不相符
H:\2022CG_Lab1_111522152\Lab0\Lab0.cpp(251,31): warning C4018: '<': signed/unsigned 不相符
H:\2022CG_Lab1_111522152\Lab0\Lab0.cpp(252,35): warning C4018: '<': signed/unsigned 不相符
H:\2022CG_Lab1_111522152\Lab0\Lab0.cpp(508,35): warning C4018: '<': signed/unsigned 不相符
H:\2022CG_Lab1_111522152\Lab0\Lab0.cpp(509,39): warning C4018: '<': signed/unsigned 不相符
H:\2022CG_Lab1_111522152\Lab0\Lab0.cpp(516,39): warning C4018: '<': signed/unsigned 不相符
H:\2022CG_Lab1_111522152\Lab0\Lab0.cpp(517,43): warning C4018: '<': signed/unsigned 不相符
H:\2022CG_Lab1_111522152\Lab0\Lab0.cpp(526,35): warning C4018: '<': signed/unsigned 不相符
H:\2022CG_Lab1_111522152\Lab0\Lab0.cpp(527,39): warning C4018: '<': signed/unsigned 不相符
H:\2022CG_Lab1_111522152\Lab0\Lab0.cpp(534,39): warning C4018: '<': signed/unsigned 不相符
H:\2022CG_Lab1_111522152\Lab0\Lab0.cpp(535,43): warning C4018: '<': signed/unsigned 不相符
H:\2022CG_Lab1_111522152\Lab0\Lab0.cpp(616,27): warning C4244: '正在初始化': 將 'double' 轉換為 'float'，由於類型不同，可能導致資料遺失
H:\2022CG_Lab1_111522152\Lab0\Lab0.cpp(671,43): warning C4018: '<': signed/unsigned 不相符
H:\2022CG_Lab1_111522152\Lab0\Lab0.cpp(673,47): warning C4018: '<': signed/unsigned 不相符
H:\2022CG_Lab1_111522152\Lab0\Lab0.cpp(686,43): warning C4018: '<': signed/unsigned 不相符
H:\2022CG_Lab1_111522152\Lab0\Lab0.cpp(697,43): warning C4018: '<': signed/unsigned 不相符
H:\2022CG_Lab1_111522152\Lab0\Lab0.cpp(709,43): warning C4018: '<': signed/unsigned 不相符
H:\2022CG_Lab1_111522152\Lab0\Lab0.cpp(782,39): warning C4018: '<': signed/unsigned 不相符
H:\2022CG_Lab1_111522152\Lab0\Lab0.cpp(783,43): warning C4018: '<': signed/unsigned 不相符
H:\2022CG_Lab1_111522152\Lab0\Lab0.cpp(784,47): warning C4018: '<': signed/unsigned 不相符
H:\2022CG_Lab1_111522152\Lab0\Lab0.cpp(786,51): warning C4018: '<': signed/unsigned 不相符
H:\2022CG_Lab1_111522152\Lab0\Lab0.cpp(795,39): warning C4018: '<': signed/unsigned 不相符
H:\2022CG_Lab1_111522152\Lab0\Lab0.cpp(796,43): warning C4018: '<': signed/unsigned 不相符
H:\2022CG_Lab1_111522152\Lab0\Lab0.cpp(818,35): warning C4244: '正在初始化': 將 'float' 轉換為 'int'，由於類型不同，可能導致資料遺失
H:\2022CG_Lab1_111522152\Lab0\Lab0.cpp(818,58): warning C4244: '正在初始化': 將 'float' 轉換為 'int'，由於類型不同，可能導致資料遺失
H:\2022CG_Lab1_111522152\Lab0\Lab0.cpp(912,90): warning C4244: '引數': 將 'float' 轉換為 'int'，由於類型不同，可能導致資料遺失
H:\2022CG_Lab1_111522152\Lab0\Lab0.cpp(912,81): warning C4244: '引數': 將 'float' 轉換為 'int'，由於類型不同，可能導致資料遺失
H:\2022CG_Lab1_111522152\Lab0\Lab0.cpp(912,72): warning C4244: '引數': 將 'float' 轉換為 'int'，由於類型不同，可能導致資料遺失
H:\2022CG_Lab1_111522152\Lab0\Lab0.cpp(912,63): warning C4244: '引數': 將 'float' 轉換為 'int'，由於類型不同，可能導致資料遺失
H:\2022CG_Lab1_111522152\Lab0\Lab0.cpp(1009,90): warning C4244: '引數': 將 'float' 轉換為 'int'，由於類型不同，可能導致資料遺失
H:\2022CG_Lab1_111522152\Lab0\Lab0.cpp(1009,81): warning C4244: '引數': 將 'float' 轉換為 'int'，由於類型不同，可能導致資料遺失
H:\2022CG_Lab1_111522152\Lab0\Lab0.cpp(1009,72): warning C4244: '引數': 將 'float' 轉換為 'int'，由於類型不同，可能導致資料遺失
H:\2022CG_Lab1_111522152\Lab0\Lab0.cpp(1009,63): warning C4244: '引數': 將 'float' 轉換為 'int'，由於類型不同，可能導致資料遺失
H:\2022CG_Lab1_111522152\Lab0\Lab0.cpp(1108,90): warning C4244: '引數': 將 'float' 轉換為 'int'，由於類型不同，可能導致資料遺失
H:\2022CG_Lab1_111522152\Lab0\Lab0.cpp(1108,81): warning C4244: '引數': 將 'float' 轉換為 'int'，由於類型不同，可能導致資料遺失
H:\2022CG_Lab1_111522152\Lab0\Lab0.cpp(1108,72): warning C4244: '引數': 將 'float' 轉換為 'int'，由於類型不同，可能導致資料遺失
H:\2022CG_Lab1_111522152\Lab0\Lab0.cpp(1108,63): warning C4244: '引數': 將 'float' 轉換為 'int'，由於類型不同，可能導致資料遺失
H:\2022CG_Lab1_111522152\Lab0\Lab0.cpp(1205,90): warning C4244: '引數': 將 'float' 轉換為 'int'，由於類型不同，可能導致資料遺失
H:\2022CG_Lab1_111522152\Lab0\Lab0.cpp(1205,81): warning C4244: '引數': 將 'float' 轉換為 'int'，由於類型不同，可能導致資料遺失
H:\2022CG_Lab1_111522152\Lab0\Lab0.cpp(1205,72): warning C4244: '引數': 將 'float' 轉換為 'int'，由於類型不同，可能導致資料遺失
H:\2022CG_Lab1_111522152\Lab0\Lab0.cpp(1205,63): warning C4244: '引數': 將 'float' 轉換為 'int'，由於類型不同，可能導致資料遺失
H:\2022CG_Lab1_111522152\Lab0\Lab0.cpp(1220,35): warning C4018: '<': signed/unsigned 不相符
H:\2022CG_Lab1_111522152\Lab0\Lab0.cpp(1221,39): warning C4018: '<': signed/unsigned 不相符
H:\2022CG_Lab1_111522152\Lab0\Lab0.cpp(1257,35): warning C4018: '<': signed/unsigned 不相符
H:\2022CG_Lab1_111522152\Lab0\Lab0.cpp(1258,39): warning C4018: '<': signed/unsigned 不相符
H:\2022CG_Lab1_111522152\Lab0\Lab0.cpp(1464,11): warning C4244: '正在初始化': 將 'double' 轉換為 'int'，由於類型不同，可能導致資料遺失
H:\2022CG_Lab1_111522152\Lab0\Lab0.cpp(1481,13): warning C4244: '=': 將 'double' 轉換為 'int'，由於類型不同，可能導致資料遺失
  Lab0.vcxproj -> H:\2022CG_Lab1_111522152\Lab0\Debug\Lab0.exe
